# IPython log file

import matplotlib
matplotlib.use('Agg')
import matplotlib.pyplot as plt
import numpy as np
a = np.random.randn(10000)
plt.hist(a)
#[Out]# (array([   12.,   104.,   568.,  1788.,  3009.,  2717.,  1363.,   369.,
#[Out]#           64.,     6.]), array([-3.82332735, -3.0307193 , -2.23811124, -1.44550319, -0.65289513,
#[Out]#         0.13971292,  0.93232097,  1.72492903,  2.51753708,  3.31014513,
#[Out]#         4.10275319]), <a list of 10 Patch objects>)
plt.savefig('1.3.2/Histogram')
 %logstart -ort 1.3.2/Logs/Chung_1.3.2.1.log
# Richard Chung 1.3.2 IPythong Log
 #The code opens an image in the 1.3.2 file and when you click on the png you can see an histogram.
5+3
#[Out]# 8
5+3.
#[Out]# 8.0
%logstop
# Fri, 07 Dec 2018 20:59:59
# 7.a when you use an int then it gives you a full number but when you use the float it adds a decimal point to the out put of the equation.
# Fri, 07 Dec 2018 21:00:23
7*2
#[Out]# 14
# Fri, 07 Dec 2018 21:00:26
7*2.
#[Out]# 14.0
# Fri, 07 Dec 2018 21:00:59
7/2
#[Out]# 3
# Fri, 07 Dec 2018 21:01:04
7/2.
#[Out]# 3.5
# Fri, 07 Dec 2018 21:02:38
# 7b. When you divide instead of the output being a decimal it turns into a whole number but then when you used the float it allows the code to juse a decimal point.
# Fri, 07 Dec 2018 21:02:50
a=2
# Fri, 07 Dec 2018 21:03:40
#8 assignment
# Fri, 07 Dec 2018 21:03:51
a+14
#[Out]# 16
# Fri, 07 Dec 2018 21:04:22
student_age=16
# Fri, 07 Dec 2018 21:04:49
23**43
#[Out]# 35834136918934220777541995677272642015423987712183913488967L
# Fri, 07 Dec 2018 21:05:19
abs(-10)
#[Out]# 10
# Fri, 07 Dec 2018 21:07:26
%run 1.3.2/Chung_1.3.2.py
# Fri, 07 Dec 2018 21:14:02
#11 An advantage to editing many line  of code before execution could be that you have a lot more code that you have to execute.
# Fri, 07 Dec 2018 21:15:13
#11 (contd.) it is easier to pin point errors.
# Fri, 07 Dec 2018 21:17:12
#12 In both sratch and MIT app inventor they use blocks that are inside of eachother as indention 
# Fri, 07 Dec 2018 21:18:20
#you would want to use a docstring to explain what the function does.
# Fri, 07 Dec 2018 21:18:41
#^13
# Fri, 07 Dec 2018 21:18:53
#14 gives more space for other code
# Fri, 07 Dec 2018 21:23:00
#15 the compiler would be able to understand what the partner is saying instead of having to translate
# Fri, 07 Dec 2018 21:23:24
%run 1.3.2/Chung_1.3.2.py
# Fri, 07 Dec 2018 21:34:42
%logstop
