# IPython log file

import matplotlib
matplotlib.use('Agg')
import matplotlib.pyplot as plt
import numpy as np
a = np.random.randn(10000)
plt.hist(a)
#[Out]# (array([   12.,   104.,   568.,  1788.,  3009.,  2717.,  1363.,   369.,
#[Out]#           64.,     6.]), array([-3.82332735, -3.0307193 , -2.23811124, -1.44550319, -0.65289513,
#[Out]#         0.13971292,  0.93232097,  1.72492903,  2.51753708,  3.31014513,
#[Out]#         4.10275319]), <a list of 10 Patch objects>)
plt.savefig('1.3.2/Histogram')
# Fri, 07 Dec 2018 20:54:38
# Richard Chung 1.3.2 IPythong Log
# Fri, 07 Dec 2018 20:54:48
 #The code opens an image in the 1.3.2 file and when you click on the png you can see an histogram.
# Fri, 07 Dec 2018 20:54:55
5+3
#[Out]# 8
# Fri, 07 Dec 2018 20:55:09
5+3.
#[Out]# 8.0
# Fri, 07 Dec 2018 20:55:16
%logstop
