# IPython log file

# 17c. Perimeter test
perimeter(3,4)
hyp(3,4)
hyp(3,4)
%logstart -ort 1.3.2/Logs/Chung_1.3.2.3.log
 %run 1.3.2/Chuhng_1.3.2.py
 %run 1.3.2/Chung_1.3.2.py
# 17a. Hypotenuse test
hyp(3,4)
#[Out]# 5.0
 %run 1.3.2/Chung_1.3.2.py
 mean(3,4,7)
#[Out]# 4.666666666666667
 %run 1.3.2/Chung_1.3.2.py
 %run 1.3.2/Chung_1.3.2.py
# 17b. Mean test
 mean(3,4,7)
#[Out]# 4.666666666666667
# 17c. Perimeter test
 perimeter(3,4)
#[Out]# 14
 %run 1.3.2/Chung_1.3.2.py
 %run 1.3.2/Chung_1.3.2.py
#conclusion 1.  I think that the other code could’ve been defined so it would be easier to just add in the start and also the histogram
#conclusion 2. Integers and floats
#conclusion 3. In python you have to write the code instead of dragging it
#conclusion 4.  so that throught the code when you need the information the code already know what you need and it could easily tell what you are try to do.
#conclusion 5 I got all the same answers to all of the previous code that I defined in the code editor
%logstop
 %run 1.3.2/Chung_1.3.2.py
%logstart -ort 1.3.2/Logs/Chung_1.3.2.3.log
%logstart -ort 1.3.2/Logs/Chung_1.3.2.4.log
%logstop
# Mon, 10 Dec 2018 20:51:27
 %run 1.3.2/Chung_1.3.2.py
# Mon, 10 Dec 2018 20:56:54
a =3
# Mon, 10 Dec 2018 20:57:02
a**2
#[Out]# 9
# Mon, 10 Dec 2018 21:00:48
cd 1.3.3
# Mon, 10 Dec 2018 21:01:41
pwd
#[Out]# u'/home/ubuntu/workspace/1.3.3'
# Mon, 10 Dec 2018 21:09:19
%logstop
