# IPython log file

%logstart -ort logs/Chung_1.3.7.2.log
cd 1.3.7
# Tue, 22 Jan 2019 20:55:45
%run Chung_1.3.7.py
# Tue, 22 Jan 2019 20:57:28
%run Chung_1.3.7.py
# Tue, 22 Jan 2019 20:57:35
%run Chung_1.3.7.py
# Tue, 22 Jan 2019 20:58:16
days()
# Tue, 22 Jan 2019 21:06:01
%run Chung_1.3.7.py
# Tue, 22 Jan 2019 21:07:36
%run Chung_1.3.7.py
# Tue, 22 Jan 2019 21:08:35
roll_hundred_pair
#[Out]# <function __main__.roll_hundred_pair>
# Tue, 22 Jan 2019 21:08:57
roll_hundred_pair()
# Tue, 22 Jan 2019 21:09:15
roll_hundred_pair()
# Tue, 22 Jan 2019 21:09:21
%run Chung_1.3.7.py
# Tue, 22 Jan 2019 21:09:22
roll_hundred_pair()
# Tue, 22 Jan 2019 21:10:03
%run 1.3.7/Chung_1.3.7.py
# Tue, 22 Jan 2019 21:11:03
cd ..
# Tue, 22 Jan 2019 21:11:07
%run 1.3.7/Chung_1.3.7.py
# Tue, 22 Jan 2019 21:11:11
roll_hundred_pair()
# Tue, 22 Jan 2019 21:16:47
%run 1.3.7/Chung_1.3.7.py
# Tue, 22 Jan 2019 21:16:59
%run 1.3.7/Chung_1.3.7.py
# Tue, 22 Jan 2019 21:17:41
%run 1.3.7/Chung_1.3.7.py
# Tue, 22 Jan 2019 21:17:48
%run 1.3.7/Chung_1.3.7.py
# Tue, 22 Jan 2019 21:17:56
dice(5)
# Tue, 22 Jan 2019 21:24:24
%run 1.3.7/Chung_1.3.7.py
# Tue, 22 Jan 2019 21:24:34
%run 1.3.7/Chung_1.3.7.py
# Tue, 22 Jan 2019 21:24:39
%run 1.3.7/Chung_1.3.7.py
# Tue, 22 Jan 2019 21:24:41
dice(5)
# Tue, 22 Jan 2019 21:31:05
roll_hundred_pair()
# Tue, 22 Jan 2019 21:31:23
dice(5)
# Tue, 22 Jan 2019 21:31:26
%run 1.3.7/Chung_1.3.7.py
# Tue, 22 Jan 2019 21:31:28
roll_hundred_pair()
# Tue, 22 Jan 2019 21:32:47
%run 1.3.7/Chung_1.3.7.py
# Tue, 22 Jan 2019 21:32:54
roll_hundred_pair()
# Tue, 22 Jan 2019 21:32:56
roll_hundred_pair()
# Tue, 22 Jan 2019 21:33:39
cd ..
# Tue, 22 Jan 2019 21:33:42
%run 1.3.7/Chung_1.3.7.py
# Tue, 22 Jan 2019 21:33:47
roll_hundred_pair()
# Tue, 22 Jan 2019 21:34:38
%run 1.3.7/Chung_1.3.7.py
# Tue, 22 Jan 2019 21:34:49
cd 1.3.7
# Tue, 22 Jan 2019 21:35:07
cd 1.3.7
# Tue, 22 Jan 2019 21:35:25
%logstop
