# IPython log file

%logstart -ort logs/Chung_1.3.5.2.log
cd 1.3.6
# Tue, 08 Jan 2019 21:00:17
some_values = ('a', 'b', 3)
# Tue, 08 Jan 2019 21:00:28
some_values
#[Out]# ('a', 'b', 3)
# Tue, 08 Jan 2019 21:00:40
some_values[0]
#[Out]# 'a'
# Tue, 08 Jan 2019 21:01:05
some_values[2]
#[Out]# 3
# Tue, 08 Jan 2019 21:02:03
#6a. the output of some_values[1] is gpomg tp be 'b' because it is the character in the 1st place
# Tue, 08 Jan 2019 21:03:33
some_values[0:2]
#[Out]# ('a', 'b')
# Tue, 08 Jan 2019 21:07:34
a = 10
# Tue, 08 Jan 2019 21:07:47
b = (9, a, 11)
# Tue, 08 Jan 2019 21:07:50
b
#[Out]# (9, 10, 11)
# Tue, 08 Jan 2019 21:07:57
a=15
# Tue, 08 Jan 2019 21:07:59
a
#[Out]# 15
# Tue, 08 Jan 2019 21:08:02
b
#[Out]# (9, 10, 11)
# Tue, 08 Jan 2019 21:08:52
b[1] == 10
#[Out]# True
# Tue, 08 Jan 2019 21:09:13
b = (9, a, 11)
# Tue, 08 Jan 2019 21:09:30
b[1]
#[Out]# 15
# Tue, 08 Jan 2019 21:13:40
values = ['a', 'b', 3]
# Tue, 08 Jan 2019 21:13:44
values
#[Out]# ['a', 'b', 3]
# Tue, 08 Jan 2019 21:13:54
values [1]
#[Out]# 'b'
# Tue, 08 Jan 2019 21:14:26
values [1:]
#[Out]# ['b', 3]
# Tue, 08 Jan 2019 21:16:22
values[2] == 3
#[Out]# True
# Tue, 08 Jan 2019 21:16:35
values[2] = 5
# Tue, 08 Jan 2019 21:16:50
values[2] = 3
# Tue, 08 Jan 2019 21:17:15
values[2] + 5
#[Out]# 8
# Tue, 08 Jan 2019 21:17:25
values[2]
#[Out]# 3
# Tue, 08 Jan 2019 21:17:42
values [2] = '3'
# Tue, 08 Jan 2019 21:17:52
values [2] == 3
#[Out]# False
# Tue, 08 Jan 2019 21:20:22
values = values + [4, 5]
# Tue, 08 Jan 2019 21:20:27
values
#[Out]# ['a', 'b', '3', 4, 5]
# Tue, 08 Jan 2019 21:22:06
values.append([6, 7])
# Tue, 08 Jan 2019 21:22:13
values
#[Out]# ['a', 'b', '3', 4, 5, [6, 7]]
# Tue, 08 Jan 2019 21:24:14
values = values + 5
# Tue, 08 Jan 2019 21:26:24
values += [5,6]
# Tue, 08 Jan 2019 21:26:32
values 
#[Out]# ['a', 'b', '3', 4, 5, [6, 7], 5, 6]
# Tue, 08 Jan 2019 21:27:02
a = 5
# Tue, 08 Jan 2019 21:27:06
a = 6
# Tue, 08 Jan 2019 21:27:19
a*=3
# Tue, 08 Jan 2019 21:27:19
a
#[Out]# 18
# Tue, 08 Jan 2019 21:29:43
 import random
# Tue, 08 Jan 2019 21:29:54
random.choice(values)
#[Out]# '3'
# Tue, 08 Jan 2019 21:30:08
random.randint(5,8)
#[Out]# 6
# Tue, 08 Jan 2019 21:30:21
random.uniform(5,8)
#[Out]# 6.177933108567287
# Tue, 08 Jan 2019 21:30:52
random.uniform(5,8)
#[Out]# 6.696167372142982
# Tue, 08 Jan 2019 21:30:53
random.uniform(5,8)
#[Out]# 7.202219424108393
# Tue, 08 Jan 2019 21:30:53
random.uniform(5,8)
#[Out]# 7.535945436126234
# Tue, 08 Jan 2019 21:30:53
random.uniform(5,8)
#[Out]# 7.156455056035252
# Tue, 08 Jan 2019 21:30:54
random.uniform(5,8)
#[Out]# 7.402519342255804
# Tue, 08 Jan 2019 21:30:54
random.uniform(5,8)
#[Out]# 7.797322320649621
# Tue, 08 Jan 2019 21:30:54
random.uniform(5,8)
#[Out]# 7.91853209295226
# Tue, 08 Jan 2019 21:30:55
random.randint(5,8)
#[Out]# 8
# Tue, 08 Jan 2019 21:30:55
random.randint(5,8)
#[Out]# 7
# Tue, 08 Jan 2019 21:30:55
random.randint(5,8)
#[Out]# 8
# Tue, 08 Jan 2019 21:30:56
random.randint(5,8)
#[Out]# 7
# Tue, 08 Jan 2019 21:30:56
random.randint(5,8)
#[Out]# 7
# Tue, 08 Jan 2019 21:30:56
random.randint(5,8)
#[Out]# 6
# Tue, 08 Jan 2019 21:30:56
random.randint(5,8)
#[Out]# 5
# Tue, 08 Jan 2019 21:30:57
random.randint(5,8)
#[Out]# 7
# Tue, 08 Jan 2019 21:30:57
random.randint(5,8)
#[Out]# 7
# Tue, 08 Jan 2019 21:30:57
random.randint(5,8)
#[Out]# 5
# Tue, 08 Jan 2019 21:30:57
random.randint(5,8)
#[Out]# 8
# Tue, 08 Jan 2019 21:30:57
random.randint(5,8)
#[Out]# 6
# Tue, 08 Jan 2019 21:30:58
random.randint(5,8)
#[Out]# 7
# Tue, 08 Jan 2019 21:30:58
random.randint(5,8)
#[Out]# 8
# Tue, 08 Jan 2019 21:31:03
random.choice(values)
#[Out]# 5
# Tue, 08 Jan 2019 21:31:03
random.choice(values)
#[Out]# 'b'
# Tue, 08 Jan 2019 21:31:04
random.choice(values)
#[Out]# '3'
# Tue, 08 Jan 2019 21:31:04
random.choice(values)
#[Out]# 6
# Tue, 08 Jan 2019 21:31:04
random.choice(values)
#[Out]# 6
# Tue, 08 Jan 2019 21:31:04
random.choice(values)
#[Out]# 4
# Tue, 08 Jan 2019 21:31:05
random.choice(values)
#[Out]# '3'
# Tue, 08 Jan 2019 21:31:05
random.choice(values)
#[Out]# [6, 7]
# Tue, 08 Jan 2019 21:31:05
random.choice(values)
#[Out]# '3'
# Tue, 08 Jan 2019 21:31:05
random.choice(values)
#[Out]# 'a'
# Tue, 08 Jan 2019 21:31:06
random.choice(values)
#[Out]# 6
# Tue, 08 Jan 2019 21:31:06
random.choice(values)
#[Out]# [6, 7]
# Tue, 08 Jan 2019 21:31:06
random.choice(values)
#[Out]# 5
# Tue, 08 Jan 2019 21:31:06
random.choice(values)
#[Out]# 4
# Tue, 08 Jan 2019 21:31:06
random.choice(values)
#[Out]# 'a'
# Tue, 08 Jan 2019 21:31:07
random.choice(values)
#[Out]# 5
# Tue, 08 Jan 2019 21:31:07
random.choice(values)
#[Out]# 6
# Tue, 08 Jan 2019 21:31:07
random.choice(values)
#[Out]# 4
# Tue, 08 Jan 2019 21:31:07
random.choice(values)
#[Out]# 'a'
# Tue, 08 Jan 2019 21:31:08
random.randint(5,8)
#[Out]# 5
# Tue, 08 Jan 2019 21:31:09
random.randint(5,8)
#[Out]# 6
# Tue, 08 Jan 2019 21:31:09
random.randint(5,8)
#[Out]# 6
# Tue, 08 Jan 2019 21:31:10
random.randint(5,8)
#[Out]# 5
# Tue, 08 Jan 2019 21:31:10
random.randint(5,8)
#[Out]# 8
# Tue, 08 Jan 2019 21:31:10
random.randint(5,8)
#[Out]# 5
# Tue, 08 Jan 2019 21:31:11
random.choice(values)
#[Out]# 4
# Tue, 08 Jan 2019 21:31:11
random.choice(values)
#[Out]# 4
# Tue, 08 Jan 2019 21:31:11
random.choice(values)
#[Out]# 5
# Tue, 08 Jan 2019 21:31:12
random.choice(values)
#[Out]# 'b'
# Tue, 08 Jan 2019 21:31:12
random.choice(values)
#[Out]# 4
# Tue, 08 Jan 2019 21:31:13
random.choice(values)
#[Out]# 5
# Tue, 08 Jan 2019 21:31:13
random.choice(values)
#[Out]# 6
# Tue, 08 Jan 2019 21:31:14
random.choice(values)
#[Out]# 5
# Tue, 08 Jan 2019 21:31:14
random.choice(values)
#[Out]# 'b'
# Tue, 08 Jan 2019 21:31:14
random.choice(values)
#[Out]# '3'
# Tue, 08 Jan 2019 21:31:15
random.choice(values)
#[Out]# 5
# Tue, 08 Jan 2019 21:31:15
random.choice(values)
#[Out]# 4
# Tue, 08 Jan 2019 21:31:15
random.choice(values)
#[Out]# 'b'
# Tue, 08 Jan 2019 21:31:16
random.choice(values)
#[Out]# 5
# Tue, 08 Jan 2019 21:31:16
random.choice(values)
#[Out]# 'b'
# Tue, 08 Jan 2019 21:35:12
%logstop
